<?xml version="1.0" encoding="UTF-8"?>
<!-- Generated by org.testng.reporters.JUnitReportReporter -->
<testsuite skipped="0" hostname="User-PC" name="flighte2e.sampleTestNG" tests="1" failures="0" timestamp="22 Oct 2018 12:03:18 GMT" time="5.914" errors="0">
  <testcase name="flighte2e" time="5.914" classname="flighte2e.sampleTestNG"/>
</testsuite> <!-- flighte2e.sampleTestNG -->
